<?xml version="1.0" encoding="UTF-8"?>
<!-- Generated by org.testng.reporters.JUnitReportReporter -->
<testsuite hostname="W7JR1-MNALL" name="com.pom.uptake.Uptake.HomePageTest" tests="1" failures="0" timestamp="20 Dec 2017 20:18:43 GMT" time="14.273" errors="0">
  <testcase name="HomePageTitleTest" time="14.273" classname="com.pom.uptake.Uptake.HomePageTest"/>
</testsuite> <!-- com.pom.uptake.Uptake.HomePageTest -->
