<?xml version="1.0" encoding="UTF-8"?>
<!-- Generated by org.testng.reporters.JUnitReportReporter -->
<testsuite skipped="0" hostname="W7JR1-MNALL" name="com.pom.uptake.Uptake.ProductPageTest" tests="1" failures="0" timestamp="21 Dec 2017 16:33:06 GMT" time="13.191" errors="0">
  <testcase name="verifyUptakeProducttextTest" time="13.191" classname="com.pom.uptake.Uptake.ProductPageTest"/>
</testsuite> <!-- com.pom.uptake.Uptake.ProductPageTest -->
