<?xml version="1.0" encoding="UTF-8"?>
<!-- Generated by org.testng.reporters.JUnitReportReporter -->
<testsuite skipped="0" hostname="W7JR1-MNALL" name="com.pom.uptake.Uptake.HomePageTest" tests="1" failures="0" timestamp="21 Dec 2017 16:33:06 GMT" time="13.621" errors="0">
  <testcase name="verifyPRODUCTStextTest" time="13.621" classname="com.pom.uptake.Uptake.HomePageTest"/>
</testsuite> <!-- com.pom.uptake.Uptake.HomePageTest -->
